  video_capture.cpp
video_capture.cpp(70): warning C4305: 'initializing': truncation from 'double' to 'float'
video_capture.cpp(71): warning C4305: 'initializing': truncation from 'double' to 'float'
video_capture.cpp(72): warning C4305: 'initializing': truncation from 'double' to 'float'
video_capture.cpp(73): warning C4305: 'initializing': truncation from 'double' to 'float'
video_capture.cpp(77): warning C4244: 'argument': conversion from 'float' to 'int', possible loss of data
video_capture.cpp(81): warning C4244: 'argument': conversion from 'float' to 'int', possible loss of data
video_capture.cpp(89): warning C4305: 'initializing': truncation from 'double' to 'float'
video_capture.cpp(91): warning C4305: 'initializing': truncation from 'double' to 'float'
video_capture.cpp(93): warning C4305: 'initializing': truncation from 'double' to 'float'
video_capture.cpp(95): warning C4305: 'initializing': truncation from 'double' to 'float'
video_capture.cpp(99): warning C4244: 'argument': conversion from 'float' to 'int', possible loss of data
video_capture.cpp(103): warning C4244: 'argument': conversion from 'float' to 'int', possible loss of data
video_capture.cpp(107): warning C4244: 'argument': conversion from 'float' to 'int', possible loss of data
video_capture.cpp(111): warning C4244: 'argument': conversion from 'float' to 'int', possible loss of data
  Generating code
  4 of 92 functions ( 4.3%) were compiled, the rest were copied from previous compilation.
    0 functions were new in current compilation
    0 functions had inline decision re-evaluated but remain unchanged
  Finished generating code
  video_capture.vcxproj -> D:\Billy\b编程练习\C++\OpenCV tests\video_capture - Copy\Release\video_capture.exe
